Started GET "/" for 127.0.0.1 at 2023-08-07 23:27:54 -0600
Processing by Rails::WelcomeController#index as HTML
  Rendering /home/lf/.rvm/gems/ruby-3.2.0/gems/railties-7.0.6/lib/rails/templates/rails/welcome/index.html.erb
  Rendered /home/lf/.rvm/gems/ruby-3.2.0/gems/railties-7.0.6/lib/rails/templates/rails/welcome/index.html.erb (Duration: 1.4ms | Allocations: 633)
Completed 200 OK in 18ms (Views: 5.5ms | ActiveRecord: 0.0ms | Allocations: 7375)


Started GET "/welcome" for 127.0.0.1 at 2023-08-07 23:34:51 -0600
  
ActionController::RoutingError (No route matches [GET] "/welcome"):
  
Started GET "/welcome/index" for 127.0.0.1 at 2023-08-07 23:34:56 -0600
Processing by WelcomeController#index as HTML
  Rendering layout layouts/application.html.erb
  Rendering welcome/index.html.erb within layouts/application
  Rendered welcome/index.html.erb within layouts/application (Duration: 0.3ms | Allocations: 107)
  Rendered layout layouts/application.html.erb (Duration: 318.0ms | Allocations: 87483)
Completed 200 OK in 320ms (Views: 319.3ms | Allocations: 88392)


Started GET "/welcome/index" for 127.0.0.1 at 2023-08-07 23:49:57 -0600
Processing by WelcomeController#index as HTML
  Rendering layout layouts/application.html.erb
  Rendering welcome/index.html.erb within layouts/application
  Rendered welcome/index.html.erb within layouts/application (Duration: 0.1ms | Allocations: 10)
  Rendered layout layouts/application.html.erb (Duration: 47.9ms | Allocations: 13167)
Completed 200 OK in 55ms (Views: 49.6ms | Allocations: 13687)


Started GET "/" for 127.0.0.1 at 2023-08-07 23:50:02 -0600
Processing by WelcomeController#index as HTML
  Rendering layout layouts/application.html.erb
  Rendering welcome/index.html.erb within layouts/application
  Rendered welcome/index.html.erb within layouts/application (Duration: 0.0ms | Allocations: 7)
  Rendered layout layouts/application.html.erb (Duration: 3.0ms | Allocations: 2270)
Completed 200 OK in 4ms (Views: 3.5ms | Allocations: 2530)


Started GET "/" for 127.0.0.1 at 2023-08-09 20:49:34 -0600
Processing by WelcomeController#index as HTML
  Rendering layout layouts/application.html.erb
  Rendering welcome/index.html.erb within layouts/application
  Rendered welcome/index.html.erb within layouts/application (Duration: 1.6ms | Allocations: 295)
  Rendered layout layouts/application.html.erb (Duration: 193.8ms | Allocations: 33794)
Completed 200 OK in 251ms (Views: 198.4ms | ActiveRecord: 0.0ms | Allocations: 37726)


Started GET "/" for 127.0.0.1 at 2023-08-09 20:57:53 -0600
Processing by WelcomeController#index as HTML
  Rendering layout layouts/application.html.erb
  Rendering welcome/index.html.erb within layouts/application
  Rendered welcome/index.html.erb within layouts/application (Duration: 1.5ms | Allocations: 295)
  Rendered layout layouts/application.html.erb (Duration: 55.3ms | Allocations: 33181)
Completed 200 OK in 82ms (Views: 59.7ms | ActiveRecord: 0.0ms | Allocations: 37838)


Started GET "/" for 127.0.0.1 at 2023-08-09 21:01:59 -0600
Processing by WelcomeController#index as HTML
  Rendering layout layouts/application.html.erb
  Rendering welcome/index.html.haml within layouts/application
  Rendered welcome/index.html.haml within layouts/application (Duration: 17.7ms | Allocations: 13328)
  Rendered layout layouts/application.html.erb (Duration: 24.6ms | Allocations: 15885)
Completed 200 OK in 29ms (Views: 27.3ms | ActiveRecord: 0.0ms | Allocations: 16720)


  [1m[35m (81.2ms)[0m  [1m[35mCREATE TABLE "schema_migrations" ("version" varchar NOT NULL PRIMARY KEY)[0m
  [1m[35m (105.5ms)[0m  [1m[35mCREATE TABLE "ar_internal_metadata" ("key" varchar NOT NULL PRIMARY KEY, "value" varchar, "created_at" datetime(6) NOT NULL, "updated_at" datetime(6) NOT NULL)[0m
  [1m[36mActiveRecord::SchemaMigration Pluck (0.1ms)[0m  [1m[34mSELECT "schema_migrations"."version" FROM "schema_migrations" ORDER BY "schema_migrations"."version" ASC[0m
Migrating to CreateDocs (20230810031836)
  [1m[36mTRANSACTION (0.1ms)[0m  [1m[36mbegin transaction[0m
  [1m[35m (0.3ms)[0m  [1m[35mCREATE TABLE "docs" ("id" integer PRIMARY KEY AUTOINCREMENT NOT NULL, "title" varchar, "content" text, "created_at" datetime(6) NOT NULL, "updated_at" datetime(6) NOT NULL)[0m
  [1m[36mActiveRecord::SchemaMigration Create (0.3ms)[0m  [1m[32mINSERT INTO "schema_migrations" ("version") VALUES (?)[0m  [["version", "20230810031836"]]
  [1m[36mTRANSACTION (89.4ms)[0m  [1m[36mcommit transaction[0m
  [1m[36mActiveRecord::InternalMetadata Load (0.2ms)[0m  [1m[34mSELECT "ar_internal_metadata".* FROM "ar_internal_metadata" WHERE "ar_internal_metadata"."key" = ? LIMIT ?[0m  [["key", "environment"], ["LIMIT", 1]]
  [1m[36mTRANSACTION (0.1ms)[0m  [1m[36mbegin transaction[0m
  [1m[36mActiveRecord::InternalMetadata Create (0.2ms)[0m  [1m[32mINSERT INTO "ar_internal_metadata" ("key", "value", "created_at", "updated_at") VALUES (?, ?, ?, ?)[0m  [["key", "environment"], ["value", "development"], ["created_at", "2023-08-10 03:18:45.486885"], ["updated_at", "2023-08-10 03:18:45.486885"]]
  [1m[36mTRANSACTION (63.3ms)[0m  [1m[36mcommit transaction[0m
  [1m[36mActiveRecord::SchemaMigration Pluck (0.2ms)[0m  [1m[34mSELECT "schema_migrations"."version" FROM "schema_migrations" ORDER BY "schema_migrations"."version" ASC[0m
